Release 14.7 - xst P.20131013 (nt64)
Copyright (c) 1995-2013 Xilinx, Inc.  All rights reserved.
--> Parameter TMPDIR set to xst/projnav.tmp


Total REAL time to Xst completion: 1.00 secs
Total CPU time to Xst completion: 0.69 secs
 
--> Parameter xsthdpdir set to xst


Total REAL time to Xst completion: 1.00 secs
Total CPU time to Xst completion: 0.69 secs
 
--> Reading design: AddSub.prj

TABLE OF CONTENTS
  1) Synthesis Options Summary
  2) HDL Compilation
  3) Design Hierarchy Analysis
  4) HDL Analysis
  5) HDL Synthesis
     5.1) HDL Synthesis Report
  6) Advanced HDL Synthesis
     6.1) Advanced HDL Synthesis Report
  7) Low Level Synthesis
  8) Partition Report
  9) Final Report
	9.1) Device utilization summary
	9.2) Partition Resource Summary
	9.3) TIMING REPORT


=========================================================================
*                      Synthesis Options Summary                        *
=========================================================================
---- Source Parameters
Input File Name                    : "AddSub.prj"
Input Format                       : mixed
Ignore Synthesis Constraint File   : NO

---- Target Parameters
Output File Name                   : "AddSub"
Output Format                      : NGC
Target Device                      : xc3s500e-5-fg320

---- Source Options
Top Module Name                    : AddSub
Automatic FSM Extraction           : YES
FSM Encoding Algorithm             : Auto
Safe Implementation                : No
FSM Style                          : LUT
RAM Extraction                     : Yes
RAM Style                          : Auto
ROM Extraction                     : Yes
Mux Style                          : Auto
Decoder Extraction                 : YES
Priority Encoder Extraction        : Yes
Shift Register Extraction          : YES
Logical Shifter Extraction         : YES
XOR Collapsing                     : YES
ROM Style                          : Auto
Mux Extraction                     : Yes
Resource Sharing                   : YES
Asynchronous To Synchronous        : NO
Multiplier Style                   : Auto
Automatic Register Balancing       : No

---- Target Options
Add IO Buffers                     : YES
Global Maximum Fanout              : 500
Add Generic Clock Buffer(BUFG)     : 24
Register Duplication               : YES
Slice Packing                      : YES
Optimize Instantiated Primitives   : NO
Use Clock Enable                   : Yes
Use Synchronous Set                : Yes
Use Synchronous Reset              : Yes
Pack IO Registers into IOBs        : Auto
Equivalent register Removal        : YES

---- General Options
Optimization Goal                  : Speed
Optimization Effort                : 1
Keep Hierarchy                     : No
Netlist Hierarchy                  : As_Optimized
RTL Output                         : Yes
Global Optimization                : AllClockNets
Read Cores                         : YES
Write Timing Constraints           : NO
Cross Clock Analysis               : NO
Hierarchy Separator                : /
Bus Delimiter                      : <>
Case Specifier                     : Maintain
Slice Utilization Ratio            : 100
BRAM Utilization Ratio             : 100
Verilog 2001                       : YES
Auto BRAM Packing                  : NO
Slice Utilization Ratio Delta      : 5

=========================================================================


=========================================================================
*                          HDL Compilation                              *
=========================================================================
Compiling vhdl file "C:/Users/Gllamas/Documents/ECE424L/Calculator/FAadder.vhd" in Library work.
Architecture faaa of Entity faadder is up to date.
Compiling vhdl file "C:/Users/Gllamas/Documents/ECE424L/Calculator/PA4.vhd" in Library work.
Architecture pa4aa of Entity pa4add is up to date.
Compiling vhdl file "C:/Users/Gllamas/Documents/ECE424L/Calculator/AddSub.vhd" in Library work.
Architecture behavioral of Entity addsub is up to date.

=========================================================================
*                     Design Hierarchy Analysis                         *
=========================================================================
Analyzing hierarchy for entity <AddSub> in library <work> (architecture <behavioral>).

Analyzing hierarchy for entity <PA4add> in library <work> (architecture <pa4aa>).

Analyzing hierarchy for entity <FAadder> in library <work> (architecture <faaa>).


=========================================================================
*                            HDL Analysis                               *
=========================================================================
Analyzing Entity <AddSub> in library <work> (Architecture <behavioral>).
Entity <AddSub> analyzed. Unit <AddSub> generated.

Analyzing Entity <PA4add> in library <work> (Architecture <pa4aa>).
Entity <PA4add> analyzed. Unit <PA4add> generated.

Analyzing Entity <FAadder> in library <work> (Architecture <faaa>).
Entity <FAadder> analyzed. Unit <FAadder> generated.


=========================================================================
*                           HDL Synthesis                               *
=========================================================================

Performing bidirectional port resolution...

Synthesizing Unit <FAadder>.
    Related source file is "C:/Users/Gllamas/Documents/ECE424L/Calculator/FAadder.vhd".
    Found 1-bit xor3 for signal <s>.
    Summary:
	inferred   1 Xor(s).
Unit <FAadder> synthesized.


Synthesizing Unit <PA4add>.
    Related source file is "C:/Users/Gllamas/Documents/ECE424L/Calculator/PA4.vhd".
    Found 1-bit xor2 for signal <ov>.
Unit <PA4add> synthesized.


Synthesizing Unit <AddSub>.
    Related source file is "C:/Users/Gllamas/Documents/ECE424L/Calculator/AddSub.vhd".
    Found 4-bit xor2 for signal <z>.
Unit <AddSub> synthesized.


=========================================================================
HDL Synthesis Report

Macro Statistics
# Xors                                                 : 6
 1-bit xor2                                            : 1
 1-bit xor3                                            : 4
 4-bit xor2                                            : 1

=========================================================================

=========================================================================
*                       Advanced HDL Synthesis                          *
=========================================================================


=========================================================================
Advanced HDL Synthesis Report

Macro Statistics
# Xors                                                 : 6
 1-bit xor2                                            : 1
 1-bit xor3                                            : 4
 4-bit xor2                                            : 1

=========================================================================

=========================================================================
*                         Low Level Synthesis                           *
=========================================================================

Optimizing unit <AddSub> ...

Mapping all equations...
Building and optimizing final netlist ...
Found area constraint ratio of 100 (+ 5) on block AddSub, actual ratio is 0.

Final Macro Processing ...

=========================================================================
Final Register Report

Found no macro
=========================================================================

=========================================================================
*                           Partition Report                            *
=========================================================================

Partition Implementation Status
-------------------------------

  No Partitions were found in this design.

-------------------------------

=========================================================================
*                            Final Report                               *
=========================================================================
Final Results
RTL Top Level Output File Name     : AddSub.ngr
Top Level Output File Name         : AddSub
Output Format                      : NGC
Optimization Goal                  : Speed
Keep Hierarchy                     : No

Design Statistics
# IOs                              : 15

Cell Usage :
# BELS                             : 9
#      LUT2                        : 1
#      LUT3                        : 1
#      LUT4                        : 7
# IO Buffers                       : 15
#      IBUF                        : 9
#      OBUF                        : 6
=========================================================================

Device utilization summary:
---------------------------

Selected Device : 3s500efg320-5 

 Number of Slices:                        5  out of   4656     0%  
 Number of 4 input LUTs:                  9  out of   9312     0%  
 Number of IOs:                          15
 Number of bonded IOBs:                  15  out of    232     6%  

---------------------------
Partition Resource Summary:
---------------------------

  No Partitions were found in this design.

---------------------------


=========================================================================
TIMING REPORT

NOTE: THESE TIMING NUMBERS ARE ONLY A SYNTHESIS ESTIMATE.
      FOR ACCURATE TIMING INFORMATION PLEASE REFER TO THE TRACE REPORT
      GENERATED AFTER PLACE-and-ROUTE.

Clock Information:
------------------
No clock signals found in this design

Asynchronous Control Signals Information:
----------------------------------------
No asynchronous control signals found in this design

Timing Summary:
---------------
Speed Grade: -5

   Minimum period: No path found
   Minimum input arrival time before clock: No path found
   Maximum output required time after clock: No path found
   Maximum combinational path delay: 9.162ns

Timing Detail:
--------------
All values displayed in nanoseconds (ns)

=========================================================================
Timing constraint: Default path analysis
  Total number of paths / destination ports: 53 / 6
-------------------------------------------------------------------------
Delay:               9.162ns (Levels of Logic = 6)
  Source:            op (PAD)
  Destination:       ov (PAD)

  Data Path: op to ov
                                Gate     Net
    Cell:in->out      fanout   Delay   Delay  Logical Name (Net Name)
    ----------------------------------------  ------------
     IBUF:I->O             8   1.106   0.712  op_IBUF (op_IBUF)
     LUT3:I1->O            2   0.612   0.383  add/FA1/cout1 (add/c<1>)
     LUT4:I3->O            2   0.612   0.383  add/FA2/cout1 (add/c<2>)
     LUT4:I3->O            3   0.612   0.603  add/FA3/cout1 (add/c<3>)
     LUT4:I0->O            1   0.612   0.357  add/Mxor_ov_Result1 (ov_OBUF)
     OBUF:I->O                 3.169          ov_OBUF (ov)
    ----------------------------------------
    Total                      9.162ns (6.723ns logic, 2.439ns route)
                                       (73.4% logic, 26.6% route)

=========================================================================


Total REAL time to Xst completion: 21.00 secs
Total CPU time to Xst completion: 21.00 secs
 
--> 

Total memory usage is 263944 kilobytes

Number of errors   :    0 (   0 filtered)
Number of warnings :    0 (   0 filtered)
Number of infos    :    0 (   0 filtered)

