Release 14.7 - xst P.20131013 (nt64)
Copyright (c) 1995-2013 Xilinx, Inc.  All rights reserved.
--> Parameter TMPDIR set to xst/projnav.tmp


Total REAL time to Xst completion: 0.00 secs
Total CPU time to Xst completion: 0.13 secs
 
--> Parameter xsthdpdir set to xst


Total REAL time to Xst completion: 0.00 secs
Total CPU time to Xst completion: 0.13 secs
 
--> Reading design: ALU.prj

TABLE OF CONTENTS
  1) Synthesis Options Summary
  2) HDL Compilation
  3) Design Hierarchy Analysis
  4) HDL Analysis
  5) HDL Synthesis
     5.1) HDL Synthesis Report
  6) Advanced HDL Synthesis
     6.1) Advanced HDL Synthesis Report
  7) Low Level Synthesis
  8) Partition Report
  9) Final Report
	9.1) Device utilization summary
	9.2) Partition Resource Summary
	9.3) TIMING REPORT


=========================================================================
*                      Synthesis Options Summary                        *
=========================================================================
---- Source Parameters
Input File Name                    : "ALU.prj"
Input Format                       : mixed
Ignore Synthesis Constraint File   : NO

---- Target Parameters
Output File Name                   : "ALU"
Output Format                      : NGC
Target Device                      : xc3s100e-5-vq100

---- Source Options
Top Module Name                    : ALU
Automatic FSM Extraction           : YES
FSM Encoding Algorithm             : Auto
Safe Implementation                : No
FSM Style                          : LUT
RAM Extraction                     : Yes
RAM Style                          : Auto
ROM Extraction                     : Yes
Mux Style                          : Auto
Decoder Extraction                 : YES
Priority Encoder Extraction        : Yes
Shift Register Extraction          : YES
Logical Shifter Extraction         : YES
XOR Collapsing                     : YES
ROM Style                          : Auto
Mux Extraction                     : Yes
Resource Sharing                   : YES
Asynchronous To Synchronous        : NO
Multiplier Style                   : Auto
Automatic Register Balancing       : No

---- Target Options
Add IO Buffers                     : YES
Global Maximum Fanout              : 500
Add Generic Clock Buffer(BUFG)     : 24
Register Duplication               : YES
Slice Packing                      : YES
Optimize Instantiated Primitives   : NO
Use Clock Enable                   : Yes
Use Synchronous Set                : Yes
Use Synchronous Reset              : Yes
Pack IO Registers into IOBs        : Auto
Equivalent register Removal        : YES

---- General Options
Optimization Goal                  : Speed
Optimization Effort                : 1
Keep Hierarchy                     : No
Netlist Hierarchy                  : As_Optimized
RTL Output                         : Yes
Global Optimization                : AllClockNets
Read Cores                         : YES
Write Timing Constraints           : NO
Cross Clock Analysis               : NO
Hierarchy Separator                : /
Bus Delimiter                      : <>
Case Specifier                     : Maintain
Slice Utilization Ratio            : 100
BRAM Utilization Ratio             : 100
Verilog 2001                       : YES
Auto BRAM Packing                  : NO
Slice Utilization Ratio Delta      : 5

=========================================================================


=========================================================================
*                          HDL Compilation                              *
=========================================================================
Compiling verilog file "Mux.v" in library work
Compiling verilog file "Adder.v" in library work
Module <Mux> compiled
Compiling verilog file "TwosComplementaddersub.v" in library work
Module <Adder> compiled
Compiling verilog file "SetonLessThan.v" in library work
Module <TwosComplementaddersub> compiled
Compiling verilog file "Or16bit.v" in library work
Module <SetonLessThan> compiled
Compiling verilog file "mux16bit.v" in library work
Module <Or16bit> compiled
Compiling verilog file "AND16bit.v" in library work
Module <mux16bit> compiled
Compiling verilog file "ALU.v" in library work
Module <AND16bit> compiled
Module <ALU> compiled
No errors in compilation
Analysis of file <"ALU.prj"> succeeded.
 

=========================================================================
*                     Design Hierarchy Analysis                         *
=========================================================================
Analyzing hierarchy for module <ALU> in library <work>.

Analyzing hierarchy for module <AND16bit> in library <work>.

Analyzing hierarchy for module <Or16bit> in library <work>.

Analyzing hierarchy for module <SetonLessThan> in library <work>.

Analyzing hierarchy for module <TwosComplementaddersub> in library <work>.

Analyzing hierarchy for module <mux16bit> in library <work>.

Analyzing hierarchy for module <Adder> in library <work>.

Analyzing hierarchy for module <Mux> in library <work>.


=========================================================================
*                            HDL Analysis                               *
=========================================================================
Analyzing top module <ALU>.
Module <ALU> is correct for synthesis.
 
Analyzing module <AND16bit> in library <work>.
Module <AND16bit> is correct for synthesis.
 
Analyzing module <Or16bit> in library <work>.
Module <Or16bit> is correct for synthesis.
 
Analyzing module <SetonLessThan> in library <work>.
Module <SetonLessThan> is correct for synthesis.
 
Analyzing module <TwosComplementaddersub> in library <work>.
Module <TwosComplementaddersub> is correct for synthesis.
 
Analyzing module <Adder> in library <work>.
Module <Adder> is correct for synthesis.
 
Analyzing module <mux16bit> in library <work>.
Module <mux16bit> is correct for synthesis.
 
Analyzing module <Mux> in library <work>.
Module <Mux> is correct for synthesis.
 

=========================================================================
*                           HDL Synthesis                               *
=========================================================================

Performing bidirectional port resolution...

Synthesizing Unit <AND16bit>.
    Related source file is "AND16bit.v".
Unit <AND16bit> synthesized.


Synthesizing Unit <Or16bit>.
    Related source file is "Or16bit.v".
Unit <Or16bit> synthesized.


Synthesizing Unit <SetonLessThan>.
    Related source file is "SetonLessThan.v".
    Found 16-bit comparator equal for signal <slt$cmp_eq0000> created at line 31.
    Found 16-bit comparator greater for signal <slt$cmp_gt0000> created at line 33.
    Summary:
	inferred   2 Comparator(s).
Unit <SetonLessThan> synthesized.


Synthesizing Unit <Adder>.
    Related source file is "Adder.v".
    Found 1-bit xor3 for signal <sum>.
    Summary:
	inferred   1 Xor(s).
Unit <Adder> synthesized.


Synthesizing Unit <Mux>.
    Related source file is "Mux.v".
Unit <Mux> synthesized.


Synthesizing Unit <TwosComplementaddersub>.
    Related source file is "TwosComplementaddersub.v".
    Found 1-bit xor2 for signal <V>.
    Found 16-bit xor2 for signal <b2>.
Unit <TwosComplementaddersub> synthesized.


Synthesizing Unit <mux16bit>.
    Related source file is "mux16bit.v".
Unit <mux16bit> synthesized.


Synthesizing Unit <ALU>.
    Related source file is "ALU.v".
WARNING:Xst:647 - Input <cin> is never used. This port will be preserved and left unconnected if it belongs to a top-level block or it belongs to a sub-block and the hierarchy of this sub-block is preserved.
Unit <ALU> synthesized.


=========================================================================
HDL Synthesis Report

Macro Statistics
# Comparators                                          : 2
 16-bit comparator equal                               : 1
 16-bit comparator greater                             : 1
# Xors                                                 : 33
 1-bit xor2                                            : 17
 1-bit xor3                                            : 16

=========================================================================

=========================================================================
*                       Advanced HDL Synthesis                          *
=========================================================================


=========================================================================
Advanced HDL Synthesis Report

Macro Statistics
# Comparators                                          : 2
 16-bit comparator equal                               : 1
 16-bit comparator greater                             : 1
# Xors                                                 : 33
 1-bit xor2                                            : 17
 1-bit xor3                                            : 16

=========================================================================

=========================================================================
*                         Low Level Synthesis                           *
=========================================================================

Optimizing unit <ALU> ...

Optimizing unit <TwosComplementaddersub> ...

Mapping all equations...
Building and optimizing final netlist ...
Found area constraint ratio of 100 (+ 5) on block ALU, actual ratio is 5.

Final Macro Processing ...

=========================================================================
Final Register Report

Found no macro
=========================================================================

=========================================================================
*                           Partition Report                            *
=========================================================================

Partition Implementation Status
-------------------------------

  No Partitions were found in this design.

-------------------------------

=========================================================================
*                            Final Report                               *
=========================================================================
Final Results
RTL Top Level Output File Name     : ALU.ngr
Top Level Output File Name         : ALU
Output Format                      : NGC
Optimization Goal                  : Speed
Keep Hierarchy                     : No

Design Statistics
# IOs                              : 57

Cell Usage :
# BELS                             : 115
#      GND                         : 1
#      LUT2                        : 18
#      LUT3                        : 16
#      LUT4                        : 40
#      MUXCY                       : 24
#      MUXF5                       : 15
#      VCC                         : 1
# IO Buffers                       : 56
#      IBUF                        : 35
#      OBUF                        : 21
=========================================================================

Device utilization summary:
---------------------------

Selected Device : 3s100evq100-5 

 Number of Slices:                       39  out of    960     4%  
 Number of 4 input LUTs:                 74  out of   1920     3%  
 Number of IOs:                          57
 Number of bonded IOBs:                  56  out of     66    84%  

---------------------------
Partition Resource Summary:
---------------------------

  No Partitions were found in this design.

---------------------------


=========================================================================
TIMING REPORT

NOTE: THESE TIMING NUMBERS ARE ONLY A SYNTHESIS ESTIMATE.
      FOR ACCURATE TIMING INFORMATION PLEASE REFER TO THE TRACE REPORT
      GENERATED AFTER PLACE-and-ROUTE.

Clock Information:
------------------
No clock signals found in this design

Asynchronous Control Signals Information:
----------------------------------------
No asynchronous control signals found in this design

Timing Summary:
---------------
Speed Grade: -5

   Minimum period: No path found
   Minimum input arrival time before clock: No path found
   Maximum output required time after clock: No path found
   Maximum combinational path delay: 21.660ns

Timing Detail:
--------------
All values displayed in nanoseconds (ns)

=========================================================================
Timing constraint: Default path analysis
  Total number of paths / destination ports: 757 / 21
-------------------------------------------------------------------------
Delay:               21.660ns (Levels of Logic = 19)
  Source:            opcode<2> (PAD)
  Destination:       out<15> (PAD)

  Data Path: opcode<2> to out<15>
                                Gate     Net
    Cell:in->out      fanout   Delay   Delay  Logical Name (Net Name)
    ----------------------------------------  ------------
     IBUF:I->O            32   1.106   1.142  opcode_2_IBUF (opcode_2_IBUF)
     LUT3:I1->O            2   0.612   0.383  F1/inst[0]/cout1 (F1/c<0>)
     LUT4:I3->O            2   0.612   0.383  F1/inst[1]/cout1 (F1/c<1>)
     LUT4:I3->O            2   0.612   0.383  F1/inst[2]/cout1 (F1/c<2>)
     LUT4:I3->O            2   0.612   0.383  F1/inst[3]/cout1 (F1/c<3>)
     LUT4:I3->O            2   0.612   0.383  F1/inst[4]/cout1 (F1/c<4>)
     LUT4:I3->O            2   0.612   0.383  F1/inst[5]/cout1 (F1/c<5>)
     LUT4:I3->O            2   0.612   0.383  F1/inst[6]/cout1 (F1/c<6>)
     LUT4:I3->O            2   0.612   0.383  F1/inst[7]/cout1 (F1/c<7>)
     LUT4:I3->O            2   0.612   0.383  F1/inst[8]/cout1 (F1/c<8>)
     LUT4:I3->O            2   0.612   0.383  F1/inst[9]/cout1 (F1/c<9>)
     LUT4:I3->O            2   0.612   0.383  F1/inst[10]/cout1 (F1/c<10>)
     LUT4:I3->O            2   0.612   0.383  F1/inst[11]/cout1 (F1/c<11>)
     LUT4:I3->O            2   0.612   0.383  F1/inst[12]/cout1 (F1/c<12>)
     LUT4:I3->O            2   0.612   0.383  F1/inst[13]/cout1 (F1/c<13>)
     LUT4:I3->O            3   0.612   0.454  F1/inst[14]/cout1 (F1/c<14>)
     LUT4:I3->O            1   0.612   0.000  math_logic/m[15]/out_G (N90)
     MUXF5:I1->O           1   0.278   0.357  math_logic/m[15]/out (out_15_OBUF)
     OBUF:I->O                 3.169          out_15_OBUF (out<15>)
    ----------------------------------------
    Total                     21.660ns (14.345ns logic, 7.315ns route)
                                       (66.2% logic, 33.8% route)

=========================================================================


Total REAL time to Xst completion: 6.00 secs
Total CPU time to Xst completion: 6.09 secs
 
--> 

Total memory usage is 259552 kilobytes

Number of errors   :    0 (   0 filtered)
Number of warnings :    1 (   0 filtered)
Number of infos    :    0 (   0 filtered)

