Release 14.7 - xst P.20131013 (nt64)
Copyright (c) 1995-2013 Xilinx, Inc.  All rights reserved.
--> Parameter TMPDIR set to xst/projnav.tmp


Total REAL time to Xst completion: 0.00 secs
Total CPU time to Xst completion: 0.12 secs
 
--> Parameter xsthdpdir set to xst


Total REAL time to Xst completion: 0.00 secs
Total CPU time to Xst completion: 0.12 secs
 
--> Reading design: RegFile.prj

TABLE OF CONTENTS
  1) Synthesis Options Summary
  2) HDL Compilation
  3) Design Hierarchy Analysis
  4) HDL Analysis
  5) HDL Synthesis
     5.1) HDL Synthesis Report
  6) Advanced HDL Synthesis
     6.1) Advanced HDL Synthesis Report
  7) Low Level Synthesis
  8) Partition Report
  9) Final Report
	9.1) Device utilization summary
	9.2) Partition Resource Summary
	9.3) TIMING REPORT


=========================================================================
*                      Synthesis Options Summary                        *
=========================================================================
---- Source Parameters
Input File Name                    : "RegFile.prj"
Input Format                       : mixed
Ignore Synthesis Constraint File   : NO

---- Target Parameters
Output File Name                   : "RegFile"
Output Format                      : NGC
Target Device                      : xc3s100e-5-vq100

---- Source Options
Top Module Name                    : RegFile
Automatic FSM Extraction           : YES
FSM Encoding Algorithm             : Auto
Safe Implementation                : No
FSM Style                          : LUT
RAM Extraction                     : Yes
RAM Style                          : Auto
ROM Extraction                     : Yes
Mux Style                          : Auto
Decoder Extraction                 : YES
Priority Encoder Extraction        : Yes
Shift Register Extraction          : YES
Logical Shifter Extraction         : YES
XOR Collapsing                     : YES
ROM Style                          : Auto
Mux Extraction                     : Yes
Resource Sharing                   : YES
Asynchronous To Synchronous        : NO
Multiplier Style                   : Auto
Automatic Register Balancing       : No

---- Target Options
Add IO Buffers                     : YES
Global Maximum Fanout              : 500
Add Generic Clock Buffer(BUFG)     : 24
Register Duplication               : YES
Slice Packing                      : YES
Optimize Instantiated Primitives   : NO
Use Clock Enable                   : Yes
Use Synchronous Set                : Yes
Use Synchronous Reset              : Yes
Pack IO Registers into IOBs        : Auto
Equivalent register Removal        : YES

---- General Options
Optimization Goal                  : Speed
Optimization Effort                : 1
Keep Hierarchy                     : No
Netlist Hierarchy                  : As_Optimized
RTL Output                         : Yes
Global Optimization                : AllClockNets
Read Cores                         : YES
Write Timing Constraints           : NO
Cross Clock Analysis               : NO
Hierarchy Separator                : /
Bus Delimiter                      : <>
Case Specifier                     : Maintain
Slice Utilization Ratio            : 100
BRAM Utilization Ratio             : 100
Verilog 2001                       : YES
Auto BRAM Packing                  : NO
Slice Utilization Ratio Delta      : 5

=========================================================================


=========================================================================
*                          HDL Compilation                              *
=========================================================================
Compiling verilog file "RegFile.v" in library work
Module <RegFile> compiled
No errors in compilation
Analysis of file <"RegFile.prj"> succeeded.
 

=========================================================================
*                     Design Hierarchy Analysis                         *
=========================================================================
Analyzing hierarchy for module <RegFile> in library <work>.


=========================================================================
*                            HDL Analysis                               *
=========================================================================
Analyzing top module <RegFile>.
Module <RegFile> is correct for synthesis.
 

=========================================================================
*                           HDL Synthesis                               *
=========================================================================

Performing bidirectional port resolution...

Synthesizing Unit <RegFile>.
    Related source file is "RegFile.v".
    Found 16-bit 9-to-1 multiplexer for signal <A>.
    Found 16-bit 9-to-1 multiplexer for signal <B>.
    Found 144-bit register for signal <Mem>.
    Found 4-bit register for signal <ra1>.
    Found 4-bit register for signal <ra2>.
    Summary:
	inferred 152 D-type flip-flop(s).
	inferred  32 Multiplexer(s).
Unit <RegFile> synthesized.


=========================================================================
HDL Synthesis Report

Macro Statistics
# Registers                                            : 11
 16-bit register                                       : 9
 4-bit register                                        : 2
# Multiplexers                                         : 2
 16-bit 9-to-1 multiplexer                             : 2

=========================================================================

=========================================================================
*                       Advanced HDL Synthesis                          *
=========================================================================


=========================================================================
Advanced HDL Synthesis Report

Macro Statistics
# Registers                                            : 152
 Flip-Flops                                            : 152
# Multiplexers                                         : 32
 1-bit 9-to-1 multiplexer                              : 32

=========================================================================

=========================================================================
*                         Low Level Synthesis                           *
=========================================================================

Optimizing unit <RegFile> ...

Mapping all equations...
Building and optimizing final netlist ...
Found area constraint ratio of 100 (+ 5) on block RegFile, actual ratio is 20.
FlipFlop ra1_0 has been replicated 1 time(s)
INFO:Xst:1843 - HDL ADVISOR - FlipFlop ra1_0 connected to a primary input has been replicated
FlipFlop ra1_1 has been replicated 1 time(s)
INFO:Xst:1843 - HDL ADVISOR - FlipFlop ra1_1 connected to a primary input has been replicated
FlipFlop ra1_3 has been replicated 1 time(s)
INFO:Xst:1843 - HDL ADVISOR - FlipFlop ra1_3 connected to a primary input has been replicated
FlipFlop ra2_0 has been replicated 1 time(s)
INFO:Xst:1843 - HDL ADVISOR - FlipFlop ra2_0 connected to a primary input has been replicated
FlipFlop ra2_1 has been replicated 1 time(s)
INFO:Xst:1843 - HDL ADVISOR - FlipFlop ra2_1 connected to a primary input has been replicated
FlipFlop ra2_3 has been replicated 1 time(s)
INFO:Xst:1843 - HDL ADVISOR - FlipFlop ra2_3 connected to a primary input has been replicated

Final Macro Processing ...

=========================================================================
Final Register Report

Macro Statistics
# Registers                                            : 158
 Flip-Flops                                            : 158

=========================================================================

=========================================================================
*                           Partition Report                            *
=========================================================================

Partition Implementation Status
-------------------------------

  No Partitions were found in this design.

-------------------------------

=========================================================================
*                            Final Report                               *
=========================================================================
Final Results
RTL Top Level Output File Name     : RegFile.ngr
Top Level Output File Name         : RegFile
Output Format                      : NGC
Optimization Goal                  : Speed
Keep Hierarchy                     : No

Design Statistics
# IOs                              : 63

Cell Usage :
# BELS                             : 458
#      LUT2                        : 144
#      LUT3                        : 177
#      LUT3_D                      : 4
#      LUT4                        : 19
#      LUT4_D                      : 10
#      LUT4_L                      : 8
#      MUXF5                       : 64
#      MUXF6                       : 32
# FlipFlops/Latches                : 158
#      FD                          : 14
#      FDE                         : 144
# Clock Buffers                    : 1
#      BUFGP                       : 1
# IO Buffers                       : 62
#      IBUF                        : 30
#      OBUF                        : 32
=========================================================================

Device utilization summary:
---------------------------

Selected Device : 3s100evq100-5 

 Number of Slices:                      195  out of    960    20%  
 Number of Slice Flip Flops:            158  out of   1920     8%  
 Number of 4 input LUTs:                362  out of   1920    18%  
 Number of IOs:                          63
 Number of bonded IOBs:                  63  out of     66    95%  
 Number of GCLKs:                         1  out of     24     4%  

---------------------------
Partition Resource Summary:
---------------------------

  No Partitions were found in this design.

---------------------------


=========================================================================
TIMING REPORT

NOTE: THESE TIMING NUMBERS ARE ONLY A SYNTHESIS ESTIMATE.
      FOR ACCURATE TIMING INFORMATION PLEASE REFER TO THE TRACE REPORT
      GENERATED AFTER PLACE-and-ROUTE.

Clock Information:
------------------
-----------------------------------+------------------------+-------+
Clock Signal                       | Clock buffer(FF name)  | Load  |
-----------------------------------+------------------------+-------+
clk                                | BUFGP                  | 158   |
-----------------------------------+------------------------+-------+

Asynchronous Control Signals Information:
----------------------------------------
No asynchronous control signals found in this design

Timing Summary:
---------------
Speed Grade: -5

   Minimum period: 5.629ns (Maximum Frequency: 177.659MHz)
   Minimum input arrival time before clock: 6.456ns
   Maximum output required time after clock: 7.653ns
   Maximum combinational path delay: No path found

Timing Detail:
--------------
All values displayed in nanoseconds (ns)

=========================================================================
Timing constraint: Default period analysis for Clock 'clk'
  Clock period: 5.629ns (frequency: 177.659MHz)
  Total number of paths / destination ports: 2304 / 288
-------------------------------------------------------------------------
Delay:               5.629ns (Levels of Logic = 4)
  Source:            ra2_3_1 (FF)
  Destination:       Mem_0_0 (FF)
  Source Clock:      clk rising
  Destination Clock: clk rising

  Data Path: ra2_3_1 to Mem_0_0
                                Gate     Net
    Cell:in->out      fanout   Delay   Delay  Logical Name (Net Name)
    ----------------------------------------  ------------
     FD:C->Q               4   0.514   0.651  ra2_3_1 (ra2_3_1)
     LUT3_D:I0->O          3   0.612   0.454  Mem_3_cmp_eq000111 (N19)
     LUT4:I3->O            1   0.612   0.360  Mem_3_mux0000<0>1_SW0 (N41)
     LUT4_D:I3->O         15   0.612   0.933  Mem_3_mux0000<0>1 (N3)
     LUT2:I1->O            1   0.612   0.000  Mem_3_mux0000<9>1 (Mem_3_mux0000<9>)
     FDE:D                     0.268          Mem_3_6
    ----------------------------------------
    Total                      5.629ns (3.230ns logic, 2.399ns route)
                                       (57.4% logic, 42.6% route)

=========================================================================
Timing constraint: Default OFFSET IN BEFORE for Clock 'clk'
  Total number of paths / destination ports: 1886 / 302
-------------------------------------------------------------------------
Offset:              6.456ns (Levels of Logic = 5)
  Source:            Caddr<1> (PAD)
  Destination:       Mem_0_0 (FF)
  Destination Clock: clk rising

  Data Path: Caddr<1> to Mem_0_0
                                Gate     Net
    Cell:in->out      fanout   Delay   Delay  Logical Name (Net Name)
    ----------------------------------------  ------------
     IBUF:I->O             5   1.106   0.690  Caddr_1_IBUF (Caddr_1_IBUF)
     LUT3:I0->O            4   0.612   0.651  Mem_6_cmp_eq000011 (N27)
     LUT4:I0->O            1   0.612   0.360  Mem_7_mux0000<0>1_SW0 (N33)
     LUT4_D:I3->O         15   0.612   0.933  Mem_7_mux0000<0>1 (N7)
     LUT2:I1->O            1   0.612   0.000  Mem_7_mux0000<8>1 (Mem_7_mux0000<8>)
     FDE:D                     0.268          Mem_7_7
    ----------------------------------------
    Total                      6.456ns (3.822ns logic, 2.634ns route)
                                       (59.2% logic, 40.8% route)

=========================================================================
Timing constraint: Default OFFSET OUT AFTER for Clock 'clk'
  Total number of paths / destination ports: 544 / 32
-------------------------------------------------------------------------
Offset:              7.653ns (Levels of Logic = 5)
  Source:            ra1_0 (FF)
  Destination:       A<15> (PAD)
  Source Clock:      clk rising

  Data Path: ra1_0 to A<15>
                                Gate     Net
    Cell:in->out      fanout   Delay   Delay  Logical Name (Net Name)
    ----------------------------------------  ------------
     FD:C->Q              65   0.514   1.234  ra1_0 (ra1_0)
     LUT3:I0->O            1   0.612   0.000  mux_7 (mux_7)
     MUXF5:I1->O           1   0.278   0.000  mux_6_f5 (mux_6_f5)
     MUXF6:I1->O           1   0.451   0.426  mux_5_f6 (mux_5_f6)
     LUT3:I1->O            1   0.612   0.357  ra1<3>1 (A_0_OBUF)
     OBUF:I->O                 3.169          A_0_OBUF (A<0>)
    ----------------------------------------
    Total                      7.653ns (5.636ns logic, 2.017ns route)
                                       (73.6% logic, 26.4% route)

=========================================================================


Total REAL time to Xst completion: 6.00 secs
Total CPU time to Xst completion: 6.74 secs
 
--> 

Total memory usage is 259516 kilobytes

Number of errors   :    0 (   0 filtered)
Number of warnings :    0 (   0 filtered)
Number of infos    :    6 (   0 filtered)

